<?xml version="1.0" encoding="UTF-8"?>
<!-- Generated by org.testng.reporters.JUnitXMLReporter -->
<testsuite ignored="0" hostname="DESKTOP-MDJNKJB" failures="1" tests="1" name="Surefire test" time="1.767" errors="0" timestamp="2025-06-17T04:32:08 SGT">
  <testcase classname="tests.LoginTest" name="testValidLogin" time="0.279">
    <failure type="java.lang.AssertionError" message="expected [2 Labs] but found [Swag Labs]">
      <![CDATA[java.lang.AssertionError: expected [2 Labs] but found [Swag Labs]
at tests.LoginTest.testValidLogin(LoginTest.java:20)
at java.base/java.util.ArrayList.forEach(ArrayList.java:1511)
... Removed 38 stack frames]]>
    </failure>
  </testcase> <!-- testValidLogin -->
</testsuite> <!-- Surefire test -->
