<?xml version="1.0" encoding="UTF-8"?>
<testng-results ignored="0" total="1" passed="1" failed="0" skipped="0">
  <reporter-output>
  </reporter-output>
  <suite started-at="2025-06-17T04:33:50 SGT" name="Default suite" finished-at="2025-06-17T04:33:52 SGT" duration-ms="2259">
    <groups>
    </groups>
    <test started-at="2025-06-17T04:33:50 SGT" name="Default test" finished-at="2025-06-17T04:33:52 SGT" duration-ms="2259">
      <class name="tests.LoginTest">
        <test-method is-config="true" signature="setUp()[pri:0, instance:tests.LoginTest@31304f14]" started-at="2025-06-17T04:33:50 SGT" name="setUp" finished-at="2025-06-17T04:33:52 SGT" duration-ms="1907" status="PASS">
          <reporter-output>
          </reporter-output>
        </test-method> <!-- setUp -->
        <test-method signature="testValidLogin()[pri:0, instance:tests.LoginTest@31304f14]" started-at="2025-06-17T04:33:52 SGT" name="testValidLogin" finished-at="2025-06-17T04:33:52 SGT" duration-ms="214" status="PASS">
          <reporter-output>
          </reporter-output>
        </test-method> <!-- testValidLogin -->
        <test-method is-config="true" signature="tearDown()[pri:0, instance:tests.LoginTest@31304f14]" started-at="2025-06-17T04:33:52 SGT" name="tearDown" finished-at="2025-06-17T04:33:52 SGT" duration-ms="104" status="PASS">
          <reporter-output>
          </reporter-output>
        </test-method> <!-- tearDown -->
      </class> <!-- tests.LoginTest -->
    </test> <!-- Default test -->
  </suite> <!-- Default suite -->
</testng-results>
